[0.114s] DEBUG:colcon:Command line arguments: ['/usr/bin/colcon', 'list', '-p', '--base-paths', '/home/won/turtlebot3_ws/src/ROS2-Path-Planning-Turtlebot3-Potential-Field/src']
[0.114s] DEBUG:colcon:Parsed command line arguments: Namespace(log_base=None, log_level=None, verb_name='list', build_base='build', ignore_user_meta=False, metas=['./colcon.meta'], base_paths=['/home/won/turtlebot3_ws/src/ROS2-Path-Planning-Turtlebot3-Potential-Field/src'], packages_ignore=None, packages_ignore_regex=None, paths=None, packages_up_to=None, packages_up_to_regex=None, packages_above=None, packages_above_and_dependencies=None, packages_above_depth=None, packages_select_by_dep=None, packages_skip_by_dep=None, packages_skip_up_to=None, packages_select_build_failed=False, packages_skip_build_finished=False, packages_select_test_failures=False, packages_skip_test_passed=False, packages_select=None, packages_skip=None, packages_select_regex=None, packages_skip_regex=None, packages_start=None, packages_end=None, allow_overriding=[], topological_order=False, names_only=False, paths_only=True, topological_graph=False, topological_graph_dot=False, topological_graph_density=False, topological_graph_legend=False, topological_graph_dot_cluster=False, topological_graph_dot_include_skipped=False, mixin_files=None, mixin=None, verb_parser=<colcon_mixin.mixin.mixin_argument.MixinArgumentDecorator object at 0x790e9acfb340>, verb_extension=<colcon_package_information.verb.list.ListVerb object at 0x790e9acfafb0>, main=<bound method ListVerb.main of <colcon_package_information.verb.list.ListVerb object at 0x790e9acfafb0>>, mixin_verb=('list',))
[0.302s] Level 1:colcon.colcon_core.package_discovery:discover_packages(colcon_meta) check parameters
[0.302s] Level 1:colcon.colcon_core.package_discovery:discover_packages(recursive) check parameters
[0.302s] Level 1:colcon.colcon_core.package_discovery:discover_packages(ignore) check parameters
[0.302s] Level 1:colcon.colcon_core.package_discovery:discover_packages(path) check parameters
[0.302s] Level 1:colcon.colcon_core.package_discovery:discover_packages(recursive) discover
[0.302s] INFO:colcon.colcon_core.package_discovery:Crawling recursively for packages in '/home/won/turtlebot3_ws/src/ROS2-Path-Planning-Turtlebot3-Potential-Field/src'
[0.302s] Level 1:colcon.colcon_core.package_identification:_identify(/home/won/turtlebot3_ws/src/ROS2-Path-Planning-Turtlebot3-Potential-Field/src) by extensions ['ignore', 'ignore_ament_install']
[0.302s] Level 1:colcon.colcon_core.package_identification:_identify(/home/won/turtlebot3_ws/src/ROS2-Path-Planning-Turtlebot3-Potential-Field/src) by extension 'ignore'
[0.302s] Level 1:colcon.colcon_core.package_identification:_identify(/home/won/turtlebot3_ws/src/ROS2-Path-Planning-Turtlebot3-Potential-Field/src) by extension 'ignore_ament_install'
[0.302s] Level 1:colcon.colcon_core.package_identification:_identify(/home/won/turtlebot3_ws/src/ROS2-Path-Planning-Turtlebot3-Potential-Field/src) by extensions ['colcon_pkg']
[0.302s] Level 1:colcon.colcon_core.package_identification:_identify(/home/won/turtlebot3_ws/src/ROS2-Path-Planning-Turtlebot3-Potential-Field/src) by extension 'colcon_pkg'
[0.302s] Level 1:colcon.colcon_core.package_identification:_identify(/home/won/turtlebot3_ws/src/ROS2-Path-Planning-Turtlebot3-Potential-Field/src) by extensions ['colcon_meta']
[0.302s] Level 1:colcon.colcon_core.package_identification:_identify(/home/won/turtlebot3_ws/src/ROS2-Path-Planning-Turtlebot3-Potential-Field/src) by extension 'colcon_meta'
[0.303s] Level 1:colcon.colcon_core.package_identification:_identify(/home/won/turtlebot3_ws/src/ROS2-Path-Planning-Turtlebot3-Potential-Field/src) by extensions ['ros']
[0.303s] Level 1:colcon.colcon_core.package_identification:_identify(/home/won/turtlebot3_ws/src/ROS2-Path-Planning-Turtlebot3-Potential-Field/src) by extension 'ros'
[0.313s] Level 1:colcon.colcon_core.package_identification:_identify(/home/won/turtlebot3_ws/src/ROS2-Path-Planning-Turtlebot3-Potential-Field/src) by extensions ['cmake', 'python']
[0.313s] Level 1:colcon.colcon_core.package_identification:_identify(/home/won/turtlebot3_ws/src/ROS2-Path-Planning-Turtlebot3-Potential-Field/src) by extension 'cmake'
[0.313s] Level 1:colcon.colcon_core.package_identification:_identify(/home/won/turtlebot3_ws/src/ROS2-Path-Planning-Turtlebot3-Potential-Field/src) by extension 'python'
[0.314s] Level 1:colcon.colcon_core.package_identification:_identify(/home/won/turtlebot3_ws/src/ROS2-Path-Planning-Turtlebot3-Potential-Field/src) by extensions ['python_setup_py']
[0.314s] Level 1:colcon.colcon_core.package_identification:_identify(/home/won/turtlebot3_ws/src/ROS2-Path-Planning-Turtlebot3-Potential-Field/src) by extension 'python_setup_py'
[0.314s] Level 1:colcon.colcon_core.package_identification:_identify(/home/won/turtlebot3_ws/src/ROS2-Path-Planning-Turtlebot3-Potential-Field/src/log) by extensions ['ignore', 'ignore_ament_install']
[0.314s] Level 1:colcon.colcon_core.package_identification:_identify(/home/won/turtlebot3_ws/src/ROS2-Path-Planning-Turtlebot3-Potential-Field/src/log) by extension 'ignore'
[0.314s] Level 1:colcon.colcon_core.package_identification:_identify(/home/won/turtlebot3_ws/src/ROS2-Path-Planning-Turtlebot3-Potential-Field/src/log) ignored
[0.314s] Level 1:colcon.colcon_core.package_discovery:discover_packages(recursive) using defaults
